  AboutProgram.cpp
  CrypratorForm.cpp
  CryptButton.cpp
D:\CourseWork_Course-3_1\Cryprator\Cryprator\CryptButton.cpp(15,43): warning C4244: аргумент: преобразование "__int64" в "int", возможна потеря данных
D:\CourseWork_Course-3_1\Cryprator\Cryprator\CryptButton.cpp(10,34): warning C4947: System::Security::Cryptography::PasswordDeriveBytes::GetBytes: помечен как устаревший
D:\CourseWork_Course-3_1\Cryprator\Cryprator\CryptButton.cpp(10,34): message : Сообщение: "Rfc2898DeriveBytes replaces PasswordDeriveBytes for deriving key material from a password and is preferred in new applications."
D:\CourseWork_Course-3_1\Cryprator\Cryprator\CryptButton.cpp(11,33): warning C4947: System::Security::Cryptography::PasswordDeriveBytes::GetBytes: помечен как устаревший
D:\CourseWork_Course-3_1\Cryprator\Cryprator\CryptButton.cpp(11,33): message : Сообщение: "Rfc2898DeriveBytes replaces PasswordDeriveBytes for deriving key material from a password and is preferred in new applications."
D:\CourseWork_Course-3_1\Cryprator\Cryprator\CryptButton.cpp(24,20): warning C4101: ee: неиспользованная локальная переменная
  DeCryptButton.cpp
D:\CourseWork_Course-3_1\Cryprator\Cryprator\DeCryptButton.cpp(15,43): warning C4244: аргумент: преобразование "__int64" в "int", возможна потеря данных
D:\CourseWork_Course-3_1\Cryprator\Cryprator\DeCryptButton.cpp(10,34): warning C4947: System::Security::Cryptography::PasswordDeriveBytes::GetBytes: помечен как устаревший
D:\CourseWork_Course-3_1\Cryprator\Cryprator\DeCryptButton.cpp(10,34): message : Сообщение: "Rfc2898DeriveBytes replaces PasswordDeriveBytes for deriving key material from a password and is preferred in new applications."
D:\CourseWork_Course-3_1\Cryprator\Cryprator\DeCryptButton.cpp(11,33): warning C4947: System::Security::Cryptography::PasswordDeriveBytes::GetBytes: помечен как устаревший
D:\CourseWork_Course-3_1\Cryprator\Cryprator\DeCryptButton.cpp(11,33): message : Сообщение: "Rfc2898DeriveBytes replaces PasswordDeriveBytes for deriving key material from a password and is preferred in new applications."
D:\CourseWork_Course-3_1\Cryprator\Cryprator\DeCryptButton.cpp(24,20): warning C4101: e: неиспользованная локальная переменная
  Exit.cpp
  ExtraCrypt.cpp
  ExtraDeCrypt.cpp
  ExtraOpen.cpp
  LoadForm.cpp
  TreeView_AfterSelect.cpp
  TreeView_BeforeExpand.cpp
  Update.cpp
  UpdateButton.cpp
  Создание кода...
  AboutProgram.obj : обнаружен модуль MSIL; для MSIL последовательная компоновка отключена; выполняется полная компоновка
  Cryprator.vcxproj -> D:\CourseWork_Course-3_1\Cryprator\x64\Debug\Cryprator.exe
